2025-08-25 17:13:33,380 - __main__ - INFO - ==================================================
2025-08-25 17:13:33,380 - __main__ - INFO - 🤖 INICIANDO BOT DE RANKING DE CONVITES
2025-08-25 17:13:33,380 - __main__ - INFO - ==================================================
2025-08-25 17:13:33,380 - __main__ - INFO - 🔧 Configurações:
2025-08-25 17:13:33,381 - __main__ - INFO -    • Bot Token: 8258046975...
2025-08-25 17:13:33,381 - __main__ - INFO -    • Chat ID: -1002783437113
2025-08-25 17:13:33,381 - __main__ - INFO -    • Timezone: America/Sao_Paulo
2025-08-25 17:13:33,381 - __main__ - INFO -    • Duração da competição: 7 dias
2025-08-25 17:13:33,381 - __main__ - INFO -    • Meta da competição: 5,000 convidados
2025-08-25 17:13:33,381 - __main__ - INFO -    • Max usos por link: 100,000
2025-08-25 17:13:33,381 - __main__ - INFO -    • Validade dos links: 60 dias
2025-08-25 17:13:33,381 - __main__ - INFO -    • Porta web: 5000
2025-08-25 17:13:33,381 - __main__ - INFO -    • Admins: 3 configurados
2025-08-25 17:13:33,381 - __main__ - INFO - 🐘 PostgreSQL:
2025-08-25 17:13:33,381 - __main__ - INFO -    • Host: localhost
2025-08-25 17:13:33,381 - __main__ - INFO -    • Port: 5432
2025-08-25 17:13:33,381 - __main__ - INFO -    • Database: telegram_bot
2025-08-25 17:13:33,381 - __main__ - INFO -    • User: bot_user
2025-08-25 17:13:33,381 - __main__ - INFO -    • Password: *********
2025-08-25 17:13:33,383 - src.bot.bot_manager - INFO - ✅ Banco de dados inicializado
2025-08-25 17:13:33,810 - httpx - INFO - HTTP Request: POST https://api.telegram.org/bot8258046975:AAFKStyIxa9x8iGU4Q58vYR_urVMjs3oH1Q/getMe "HTTP/1.1 200 OK"
2025-08-25 17:13:33,810 - src.bot.bot_manager - INFO - ✅ Bot conectado: @Porteiropalpite_bot (Porteiro_Palpite)
2025-08-25 17:13:33,900 - httpx - INFO - HTTP Request: POST https://api.telegram.org/bot8258046975:AAFKStyIxa9x8iGU4Q58vYR_urVMjs3oH1Q/getChat "HTTP/1.1 400 Bad Request"
2025-08-25 17:13:33,901 - src.bot.bot_manager - WARNING - ⚠️ Canal não acessível: Chat not found
2025-08-25 17:13:33,901 - src.bot.bot_manager - WARNING - ⚠️ Bot funcionará sem notificações no canal
2025-08-25 17:13:33,901 - src.bot.bot_manager - WARNING - ⚠️ Verifique se o bot foi adicionado ao canal: -1002783437113
2025-08-25 17:13:33,917 - src.bot.bot_manager - INFO - ✅ Gerenciadores inicializados
2025-08-25 17:13:33,918 - src.bot.bot_manager - INFO - ✅ Todos os handlers registrados
2025-08-25 17:13:33,918 - src.bot.bot_manager - INFO - ✅ Handlers registrados
2025-08-25 17:13:33,918 - src.bot.bot_manager - INFO - ✅ Tarefas em background agendadas
2025-08-25 17:13:33,919 - src.bot.bot_manager - INFO - ✅ Tarefas em background agendadas
2025-08-25 17:13:33,919 - src.bot.bot_manager - INFO - 🎉 Bot inicializado com sucesso!
2025-08-25 17:13:33,919 - src.bot.bot_manager - INFO - 🚀 Iniciando bot...
2025-08-25 17:13:34,002 - httpx - INFO - HTTP Request: POST https://api.telegram.org/bot8258046975:AAFKStyIxa9x8iGU4Q58vYR_urVMjs3oH1Q/getMe "HTTP/1.1 200 OK"
2025-08-25 17:13:34,003 - telegram.ext.Application - INFO - Application started
2025-08-25 17:13:34,087 - httpx - INFO - HTTP Request: POST https://api.telegram.org/bot8258046975:AAFKStyIxa9x8iGU4Q58vYR_urVMjs3oH1Q/deleteWebhook "HTTP/1.1 200 OK"
2025-08-25 17:13:34,088 - src.bot.bot_manager - INFO - ✅ Bot iniciado e rodando!
2025-08-25 17:13:34,340 - httpx - INFO - HTTP Request: POST https://api.telegram.org/bot8258046975:AAFKStyIxa9x8iGU4Q58vYR_urVMjs3oH1Q/getUpdates "HTTP/1.1 200 OK"
2025-08-25 17:13:34,347 - src.bot.handlers.competition_commands - ERROR - Erro no comando /ranking: '>' not supported between instances of 'str' and 'datetime.datetime'
2025-08-25 17:13:34,459 - httpx - INFO - HTTP Request: POST https://api.telegram.org/bot8258046975:AAFKStyIxa9x8iGU4Q58vYR_urVMjs3oH1Q/sendMessage "HTTP/1.1 200 OK"
2025-08-25 17:13:34,580 - httpx - INFO - HTTP Request: POST https://api.telegram.org/bot8258046975:AAFKStyIxa9x8iGU4Q58vYR_urVMjs3oH1Q/sendMessage "HTTP/1.1 200 OK"
2025-08-25 17:13:34,719 - httpx - INFO - HTTP Request: POST https://api.telegram.org/bot8258046975:AAFKStyIxa9x8iGU4Q58vYR_urVMjs3oH1Q/sendMessage "HTTP/1.1 200 OK"
2025-08-25 17:13:34,861 - httpx - INFO - HTTP Request: POST https://api.telegram.org/bot8258046975:AAFKStyIxa9x8iGU4Q58vYR_urVMjs3oH1Q/sendMessage "HTTP/1.1 200 OK"
2025-08-25 17:13:34,981 - httpx - INFO - HTTP Request: POST https://api.telegram.org/bot8258046975:AAFKStyIxa9x8iGU4Q58vYR_urVMjs3oH1Q/sendMessage "HTTP/1.1 200 OK"
2025-08-25 17:13:35,122 - httpx - INFO - HTTP Request: POST https://api.telegram.org/bot8258046975:AAFKStyIxa9x8iGU4Q58vYR_urVMjs3oH1Q/sendMessage "HTTP/1.1 200 OK"
2025-08-25 17:13:35,275 - httpx - INFO - HTTP Request: POST https://api.telegram.org/bot8258046975:AAFKStyIxa9x8iGU4Q58vYR_urVMjs3oH1Q/sendMessage "HTTP/1.1 200 OK"
2025-08-25 17:13:40,279 - src.bot.bot_manager - ERROR - Erro ao lidar com mensagem desconhecida: Timed out
2025-08-25 17:13:42,537 - httpx - INFO - HTTP Request: POST https://api.telegram.org/bot8258046975:AAFKStyIxa9x8iGU4Q58vYR_urVMjs3oH1Q/sendMessage "HTTP/1.1 200 OK"
2025-08-25 17:13:42,698 - httpx - INFO - HTTP Request: POST https://api.telegram.org/bot8258046975:AAFKStyIxa9x8iGU4Q58vYR_urVMjs3oH1Q/sendMessage "HTTP/1.1 200 OK"
2025-08-25 17:13:42,834 - httpx - INFO - HTTP Request: POST https://api.telegram.org/bot8258046975:AAFKStyIxa9x8iGU4Q58vYR_urVMjs3oH1Q/sendMessage "HTTP/1.1 200 OK"
2025-08-25 17:13:42,995 - httpx - INFO - HTTP Request: POST https://api.telegram.org/bot8258046975:AAFKStyIxa9x8iGU4Q58vYR_urVMjs3oH1Q/sendMessage "HTTP/1.1 200 OK"
2025-08-26 16:15:29,159 - __main__ - INFO - ==================================================
2025-08-26 16:15:29,159 - __main__ - INFO - 🤖 INICIANDO BOT DE RANKING DE CONVITES
2025-08-26 16:15:29,159 - __main__ - INFO - ==================================================
2025-08-26 16:15:29,159 - __main__ - INFO - 🔧 Configurações:
2025-08-26 16:15:29,159 - __main__ - INFO -    • Bot Token: 8258046975...
2025-08-26 16:15:29,159 - __main__ - INFO -    • Chat ID: -1002370484206
2025-08-26 16:15:29,159 - __main__ - INFO -    • Timezone: America/Sao_Paulo
2025-08-26 16:15:29,159 - __main__ - INFO -    • Duração da competição: 7 dias
2025-08-26 16:15:29,159 - __main__ - INFO -    • Meta da competição: 5,000 convidados
2025-08-26 16:15:29,159 - __main__ - INFO -    • Max usos por link: 100,000
2025-08-26 16:15:29,159 - __main__ - INFO -    • Validade dos links: 60 dias
2025-08-26 16:15:29,159 - __main__ - INFO -    • Porta web: 5000
2025-08-26 16:15:29,159 - __main__ - INFO -    • Admins: 3 configurados
2025-08-26 16:15:29,160 - __main__ - INFO - 🐘 PostgreSQL:
2025-08-26 16:15:29,160 - __main__ - INFO -    • Host: localhost
2025-08-26 16:15:29,160 - __main__ - INFO -    • Port: 5432
2025-08-26 16:15:29,160 - __main__ - INFO -    • Database: telegram_bot
2025-08-26 16:15:29,160 - __main__ - INFO -    • User: bot_user
2025-08-26 16:15:29,160 - __main__ - INFO -    • Password: *********
2025-08-26 16:15:29,160 - src.bot.bot_manager - ERROR - ❌ Erro ao inicializar bot: Expected string or URL object, got None
2025-08-26 16:15:29,160 - src.bot.bot_manager - ERROR - ❌ Erro ao iniciar bot: Falha na inicialização do bot
2025-08-26 16:15:29,160 - src.bot.bot_manager - INFO - 🛑 Parando bot...
2025-08-26 16:15:29,160 - src.bot.bot_manager - INFO - ✅ Bot parado com sucesso
2025-08-26 16:15:29,160 - __main__ - ERROR - ❌ Erro fatal: Falha na inicialização do bot
2025-08-26 16:15:29,160 - __main__ - INFO - 👋 Encerrando aplicação
2025-08-26 16:16:24,652 - __main__ - INFO - ==================================================
2025-08-26 16:16:24,652 - __main__ - INFO - 🤖 INICIANDO BOT DE RANKING DE CONVITES
2025-08-26 16:16:24,652 - __main__ - INFO - ==================================================
2025-08-26 16:16:24,652 - __main__ - INFO - 🔧 Configurações:
2025-08-26 16:16:24,652 - __main__ - INFO -    • Bot Token: 8258046975...
2025-08-26 16:16:24,652 - __main__ - INFO -    • Chat ID: -1002370484206
2025-08-26 16:16:24,652 - __main__ - INFO -    • Timezone: America/Sao_Paulo
2025-08-26 16:16:24,653 - __main__ - INFO -    • Duração da competição: 7 dias
2025-08-26 16:16:24,653 - __main__ - INFO -    • Meta da competição: 5,000 convidados
2025-08-26 16:16:24,653 - __main__ - INFO -    • Max usos por link: 100,000
2025-08-26 16:16:24,653 - __main__ - INFO -    • Validade dos links: 60 dias
2025-08-26 16:16:24,653 - __main__ - INFO -    • Porta web: 5000
2025-08-26 16:16:24,653 - __main__ - INFO -    • Admins: 3 configurados
2025-08-26 16:16:24,653 - __main__ - INFO - 🐘 PostgreSQL:
2025-08-26 16:16:24,653 - __main__ - INFO -    • Host: localhost
2025-08-26 16:16:24,653 - __main__ - INFO -    • Port: 5432
2025-08-26 16:16:24,653 - __main__ - INFO -    • Database: telegram_bot
2025-08-26 16:16:24,653 - __main__ - INFO -    • User: bot_user
2025-08-26 16:16:24,653 - __main__ - INFO -    • Password: *********
2025-08-26 16:16:24,762 - src.bot.bot_manager - ERROR - ❌ Erro ao inicializar bot: (psycopg2.OperationalError) connection to server at "localhost" (::1), port 5432 failed: Connection refused
	Is the server running on that host and accepting TCP/IP connections?
connection to server at "localhost" (127.0.0.1), port 5432 failed: Connection refused
	Is the server running on that host and accepting TCP/IP connections?

(Background on this error at: https://sqlalche.me/e/20/e3q8)
2025-08-26 16:16:24,762 - src.bot.bot_manager - ERROR - ❌ Erro ao iniciar bot: Falha na inicialização do bot
2025-08-26 16:16:24,762 - src.bot.bot_manager - INFO - 🛑 Parando bot...
2025-08-26 16:16:24,762 - src.bot.bot_manager - INFO - ✅ Bot parado com sucesso
2025-08-26 16:16:24,762 - __main__ - ERROR - ❌ Erro fatal: Falha na inicialização do bot
2025-08-26 16:16:24,763 - __main__ - INFO - 👋 Encerrando aplicação
2025-08-26 16:16:50,051 - __main__ - INFO - ==================================================
2025-08-26 16:16:50,051 - __main__ - INFO - 🤖 INICIANDO BOT DE RANKING DE CONVITES
2025-08-26 16:16:50,051 - __main__ - INFO - ==================================================
2025-08-26 16:16:50,051 - __main__ - INFO - 🔧 Configurações:
2025-08-26 16:16:50,051 - __main__ - INFO -    • Bot Token: 8258046975...
2025-08-26 16:16:50,051 - __main__ - INFO -    • Chat ID: -1002370484206
2025-08-26 16:16:50,051 - __main__ - INFO -    • Timezone: America/Sao_Paulo
2025-08-26 16:16:50,051 - __main__ - INFO -    • Duração da competição: 7 dias
2025-08-26 16:16:50,051 - __main__ - INFO -    • Meta da competição: 5,000 convidados
2025-08-26 16:16:50,051 - __main__ - INFO -    • Max usos por link: 100,000
2025-08-26 16:16:50,051 - __main__ - INFO -    • Validade dos links: 60 dias
2025-08-26 16:16:50,051 - __main__ - INFO -    • Porta web: 5000
2025-08-26 16:16:50,052 - __main__ - INFO -    • Admins: 3 configurados
2025-08-26 16:16:50,052 - __main__ - INFO - 🐘 PostgreSQL:
2025-08-26 16:16:50,052 - __main__ - INFO -    • Host: localhost
2025-08-26 16:16:50,052 - __main__ - INFO -    • Port: 5432
2025-08-26 16:16:50,052 - __main__ - INFO -    • Database: telegram_bot
2025-08-26 16:16:50,052 - __main__ - INFO -    • User: bot_user
2025-08-26 16:16:50,052 - __main__ - INFO -    • Password: *********
2025-08-26 16:16:50,052 - src.bot.bot_manager - INFO - ✅ Banco de dados inicializado
2025-08-26 16:16:50,431 - httpx - INFO - HTTP Request: POST https://api.telegram.org/bot8258046975:AAEH7Oagi3RdHIjYbkXw3wrsusNBVDlR4yI/getMe "HTTP/1.1 200 OK"
2025-08-26 16:16:50,432 - src.bot.bot_manager - INFO - ✅ Bot conectado: @Porteiropalpite_bot (Porteiro_Palpite)
2025-08-26 16:16:50,656 - httpx - INFO - HTTP Request: POST https://api.telegram.org/bot8258046975:AAEH7Oagi3RdHIjYbkXw3wrsusNBVDlR4yI/getChat "HTTP/1.1 200 OK"
2025-08-26 16:16:50,657 - src.bot.bot_manager - INFO - ✅ Canal configurado: Palpiteemcasa Oficial (-1002370484206)
2025-08-26 16:16:50,742 - httpx - INFO - HTTP Request: POST https://api.telegram.org/bot8258046975:AAEH7Oagi3RdHIjYbkXw3wrsusNBVDlR4yI/getChatMember "HTTP/1.1 200 OK"
2025-08-26 16:16:50,743 - src.bot.bot_manager - INFO - ✅ Bot é administrador do canal
2025-08-26 16:16:50,751 - src.bot.bot_manager - INFO - ✅ Gerenciadores inicializados
2025-08-26 16:16:50,752 - src.bot.bot_manager - INFO - ✅ Todos os handlers registrados
2025-08-26 16:16:50,752 - src.bot.bot_manager - INFO - ✅ Handlers registrados
2025-08-26 16:16:50,753 - src.bot.bot_manager - INFO - ✅ Tarefas em background agendadas
2025-08-26 16:16:50,753 - src.bot.bot_manager - INFO - ✅ Tarefas em background agendadas
2025-08-26 16:16:50,753 - src.bot.bot_manager - INFO - 🎉 Bot inicializado com sucesso!
2025-08-26 16:16:50,753 - src.bot.bot_manager - INFO - 🚀 Iniciando bot...
2025-08-26 16:16:50,836 - httpx - INFO - HTTP Request: POST https://api.telegram.org/bot8258046975:AAEH7Oagi3RdHIjYbkXw3wrsusNBVDlR4yI/getMe "HTTP/1.1 200 OK"
2025-08-26 16:16:50,837 - telegram.ext.Application - INFO - Application started
2025-08-26 16:16:50,920 - httpx - INFO - HTTP Request: POST https://api.telegram.org/bot8258046975:AAEH7Oagi3RdHIjYbkXw3wrsusNBVDlR4yI/deleteWebhook "HTTP/1.1 200 OK"
2025-08-26 16:16:50,921 - src.bot.bot_manager - INFO - ✅ Bot iniciado e rodando!
2025-08-26 16:17:01,184 - httpx - INFO - HTTP Request: POST https://api.telegram.org/bot8258046975:AAEH7Oagi3RdHIjYbkXw3wrsusNBVDlR4yI/getUpdates "HTTP/1.1 200 OK"
2025-08-26 16:33:13,930 - __main__ - INFO - ==================================================
2025-08-26 16:33:13,930 - __main__ - INFO - 🤖 INICIANDO BOT DE RANKING DE CONVITES
2025-08-26 16:33:13,930 - __main__ - INFO - ==================================================
2025-08-26 16:33:13,930 - __main__ - INFO - 🔧 Configurações:
2025-08-26 16:33:13,931 - __main__ - INFO -    • Bot Token: 8258046975...
2025-08-26 16:33:13,931 - __main__ - INFO -    • Chat ID: -1002370484206
2025-08-26 16:33:13,931 - __main__ - INFO -    • Timezone: America/Sao_Paulo
2025-08-26 16:33:13,931 - __main__ - INFO -    • Duração da competição: 7 dias
2025-08-26 16:33:13,931 - __main__ - INFO -    • Meta da competição: 5,000 convidados
2025-08-26 16:33:13,931 - __main__ - INFO -    • Max usos por link: 100,000
2025-08-26 16:33:13,931 - __main__ - INFO -    • Validade dos links: 60 dias
2025-08-26 16:33:13,931 - __main__ - INFO -    • Porta web: 5000
2025-08-26 16:33:13,931 - __main__ - INFO -    • Admins: 3 configurados
2025-08-26 16:33:13,931 - __main__ - INFO - 🐘 PostgreSQL:
2025-08-26 16:33:13,931 - __main__ - INFO -    • Host: localhost
2025-08-26 16:33:13,931 - __main__ - INFO -    • Port: 5432
2025-08-26 16:33:13,931 - __main__ - INFO -    • Database: telegram_bot
2025-08-26 16:33:13,931 - __main__ - INFO -    • User: bot_user
2025-08-26 16:33:13,931 - __main__ - INFO -    • Password: *********
2025-08-26 16:33:13,970 - src.bot.bot_manager - WARNING - ⚠️ PostgreSQL não disponível: (psycopg2.OperationalError) connection to server at "localhost" (::1), port 5432 failed: Connection refused
	Is the server running on that host and accepting TCP/IP connections?
connection to server at "localhost" (127.0.0.1), port 5432 failed: Connection refused
	Is the server running on that host and accepting TCP/IP connections?

(Background on this error at: https://sqlalche.me/e/20/e3q8)
2025-08-26 16:33:13,970 - src.bot.bot_manager - INFO - 🔄 Usando SQLite como fallback...
2025-08-26 16:33:13,970 - src.bot.bot_manager - INFO - ✅ Banco de dados SQLite inicializado
2025-08-26 16:33:14,335 - httpx - INFO - HTTP Request: POST https://api.telegram.org/bot8258046975:AAEH7Oagi3RdHIjYbkXw3wrsusNBVDlR4yI/getMe "HTTP/1.1 200 OK"
2025-08-26 16:33:14,336 - src.bot.bot_manager - INFO - ✅ Bot conectado: @Porteiropalpite_bot (Porteiro_Palpite)
2025-08-26 16:33:14,488 - httpx - INFO - HTTP Request: POST https://api.telegram.org/bot8258046975:AAEH7Oagi3RdHIjYbkXw3wrsusNBVDlR4yI/getChat "HTTP/1.1 200 OK"
2025-08-26 16:33:14,489 - src.bot.bot_manager - INFO - ✅ Canal configurado: Palpiteemcasa Oficial (-1002370484206)
2025-08-26 16:33:14,576 - httpx - INFO - HTTP Request: POST https://api.telegram.org/bot8258046975:AAEH7Oagi3RdHIjYbkXw3wrsusNBVDlR4yI/getChatMember "HTTP/1.1 200 OK"
2025-08-26 16:33:14,577 - src.bot.bot_manager - INFO - ✅ Bot é administrador do canal
2025-08-26 16:33:14,586 - src.bot.bot_manager - INFO - ✅ Gerenciadores inicializados
2025-08-26 16:33:14,586 - src.bot.bot_manager - INFO - ✅ Todos os handlers registrados
2025-08-26 16:33:14,587 - src.bot.bot_manager - INFO - ✅ Handlers registrados
2025-08-26 16:33:14,587 - src.bot.bot_manager - INFO - ✅ Tarefas em background agendadas
2025-08-26 16:33:14,587 - src.bot.bot_manager - INFO - ✅ Tarefas em background agendadas
2025-08-26 16:33:14,587 - src.bot.bot_manager - INFO - 🎉 Bot inicializado com sucesso!
2025-08-26 16:33:14,587 - src.bot.bot_manager - INFO - 🚀 Iniciando bot...
2025-08-26 16:33:14,674 - httpx - INFO - HTTP Request: POST https://api.telegram.org/bot8258046975:AAEH7Oagi3RdHIjYbkXw3wrsusNBVDlR4yI/getMe "HTTP/1.1 200 OK"
2025-08-26 16:33:14,675 - telegram.ext.Application - INFO - Application started
2025-08-26 16:33:14,762 - httpx - INFO - HTTP Request: POST https://api.telegram.org/bot8258046975:AAEH7Oagi3RdHIjYbkXw3wrsusNBVDlR4yI/deleteWebhook "HTTP/1.1 200 OK"
2025-08-26 16:33:14,763 - src.bot.bot_manager - INFO - ✅ Bot iniciado e rodando!
2025-08-26 16:33:15,033 - httpx - INFO - HTTP Request: POST https://api.telegram.org/bot8258046975:AAEH7Oagi3RdHIjYbkXw3wrsusNBVDlR4yI/getUpdates "HTTP/1.1 200 OK"
2025-08-26 16:33:15,168 - httpx - INFO - HTTP Request: POST https://api.telegram.org/bot8258046975:AAEH7Oagi3RdHIjYbkXw3wrsusNBVDlR4yI/sendMessage "HTTP/1.1 200 OK"
2025-08-26 16:33:15,287 - httpx - INFO - HTTP Request: POST https://api.telegram.org/bot8258046975:AAEH7Oagi3RdHIjYbkXw3wrsusNBVDlR4yI/sendMessage "HTTP/1.1 200 OK"
2025-08-26 16:33:15,412 - httpx - INFO - HTTP Request: POST https://api.telegram.org/bot8258046975:AAEH7Oagi3RdHIjYbkXw3wrsusNBVDlR4yI/sendMessage "HTTP/1.1 200 OK"
2025-08-26 16:33:15,560 - httpx - INFO - HTTP Request: POST https://api.telegram.org/bot8258046975:AAEH7Oagi3RdHIjYbkXw3wrsusNBVDlR4yI/sendMessage "HTTP/1.1 200 OK"
2025-08-26 16:33:15,678 - httpx - INFO - HTTP Request: POST https://api.telegram.org/bot8258046975:AAEH7Oagi3RdHIjYbkXw3wrsusNBVDlR4yI/sendMessage "HTTP/1.1 200 OK"
